<?xml version="1.0" encoding="UTF-8"?>
<testsuite xmlns:xsi="http://www.w3.org/2001/XMLSchema-instance" xsi:noNamespaceSchemaLocation="https://maven.apache.org/surefire/maven-surefire-plugin/xsd/surefire-test-report-3.0.xsd" version="3.0" name="com.hacktothemoon.config.WebConfigurerTest" time="5.122" tests="7" errors="0" skipped="0" failures="0">
  <properties>
[...]
</properties>
  <testcase name="testCorsFilterOnOtherPath" classname="com.hacktothemoon.config.WebConfigurerTest" time="4.777"/>
  <testcase name="testCorsFilterDeactivated" classname="com.hacktothemoon.config.WebConfigurerTest" time="0.039"/>
  <testcase name="testStartUpProdServletContext" classname="com.hacktothemoon.config.WebConfigurerTest" time="0.018"/>
  <testcase name="testCorsFilterOnApiPath" classname="com.hacktothemoon.config.WebConfigurerTest" time="0.045"/>
  <testcase name="testStartUpDevServletContext" classname="com.hacktothemoon.config.WebConfigurerTest" time="0.003"/>
  <testcase name="testCorsFilterDeactivated2" classname="com.hacktothemoon.config.WebConfigurerTest" time="0.036"/>
  <testcase name="testCustomizeServletContainer" classname="com.hacktothemoon.config.WebConfigurerTest" time="0.191"/>
</testsuite>